f:\프로그래밍 학습자료\c++ 학습\framework7\framework\debug\background.obj
f:\프로그래밍 학습자료\c++ 학습\framework7\framework\debug\bullet.obj
f:\프로그래밍 학습자료\c++ 학습\framework7\framework\debug\cmain.obj
f:\프로그래밍 학습자료\c++ 학습\framework7\framework\debug\collision.obj
f:\프로그래밍 학습자료\c++ 학습\framework7\framework\debug\cursormgr.obj
f:\프로그래밍 학습자료\c++ 학습\framework7\framework\debug\doublebuffer.obj
f:\프로그래밍 학습자료\c++ 학습\framework7\framework\debug\keymgr.obj
f:\프로그래밍 학습자료\c++ 학습\framework7\framework\debug\logo.obj
f:\프로그래밍 학습자료\c++ 학습\framework7\framework\debug\maingame.obj
f:\프로그래밍 학습자료\c++ 학습\framework7\framework\debug\monster.obj
f:\프로그래밍 학습자료\c++ 학습\framework7\framework\debug\mymenu.obj
f:\프로그래밍 학습자료\c++ 학습\framework7\framework\debug\obj.obj
f:\프로그래밍 학습자료\c++ 학습\framework7\framework\debug\player.obj
f:\프로그래밍 학습자료\c++ 학습\framework7\framework\debug\scenemgr.obj
f:\프로그래밍 학습자료\c++ 학습\framework7\framework\debug\sceneobj.obj
f:\프로그래밍 학습자료\c++ 학습\framework7\framework\debug\stage.obj
f:\프로그래밍 학습자료\c++ 학습\framework7\framework\debug\vc100.pdb
f:\프로그래밍 학습자료\c++ 학습\framework7\debug\framework.ilk
f:\프로그래밍 학습자료\c++ 학습\framework7\debug\framework.exe
f:\프로그래밍 학습자료\c++ 학습\framework7\framework\debug\framework.exe.intermediate.manifest
f:\프로그래밍 학습자료\c++ 학습\framework7\debug\framework.pdb
d:\프로그래밍\sbs 컴퓨터 게임아카데미\160809\framework7\framework\debug\vc140.pdb
d:\프로그래밍\sbs 컴퓨터 게임아카데미\160809\framework7\framework\debug\vc140.idb
d:\프로그래밍\sbs 컴퓨터 게임아카데미\160809\framework7\framework\debug\maingame.obj
d:\프로그래밍\sbs 컴퓨터 게임아카데미\160809\framework7\framework\debug\background.obj
d:\프로그래밍\sbs 컴퓨터 게임아카데미\160809\framework7\framework\debug\bullet.obj
d:\프로그래밍\sbs 컴퓨터 게임아카데미\160809\framework7\framework\debug\cmain.obj
d:\프로그래밍\sbs 컴퓨터 게임아카데미\160809\framework7\framework\debug\collision.obj
d:\프로그래밍\sbs 컴퓨터 게임아카데미\160809\framework7\framework\debug\cursormgr.obj
d:\프로그래밍\sbs 컴퓨터 게임아카데미\160809\framework7\framework\debug\doublebuffer.obj
d:\프로그래밍\sbs 컴퓨터 게임아카데미\160809\framework7\framework\debug\keymgr.obj
d:\프로그래밍\sbs 컴퓨터 게임아카데미\160809\framework7\framework\debug\logo.obj
d:\프로그래밍\sbs 컴퓨터 게임아카데미\160809\framework7\framework\debug\monster.obj
d:\프로그래밍\sbs 컴퓨터 게임아카데미\160809\framework7\framework\debug\mymenu.obj
d:\프로그래밍\sbs 컴퓨터 게임아카데미\160809\framework7\framework\debug\obj.obj
d:\프로그래밍\sbs 컴퓨터 게임아카데미\160809\framework7\framework\debug\player.obj
d:\프로그래밍\sbs 컴퓨터 게임아카데미\160809\framework7\framework\debug\scenemgr.obj
d:\프로그래밍\sbs 컴퓨터 게임아카데미\160809\framework7\framework\debug\sceneobj.obj
d:\프로그래밍\sbs 컴퓨터 게임아카데미\160809\framework7\framework\debug\stage.obj
d:\프로그래밍\sbs 컴퓨터 게임아카데미\160809\framework7\framework\debug\framework.vcxprojresolveassemblyreference.cache
d:\프로그래밍\sbs 컴퓨터 게임아카데미\160809\framework7\framework\debug\cl.command.1.tlog
d:\프로그래밍\sbs 컴퓨터 게임아카데미\160809\framework7\framework\debug\cl.read.1.tlog
d:\프로그래밍\sbs 컴퓨터 게임아카데미\160809\framework7\framework\debug\cl.write.1.tlog
d:\프로그래밍\sbs 컴퓨터 게임아카데미\160809\framework7\framework\debug\framework.write.1.tlog
d:\프로그래밍\sbs 컴퓨터 게임아카데미\160809\framework7\framework\debug\link.command.1.tlog
d:\프로그래밍\sbs 컴퓨터 게임아카데미\160809\framework7\framework\debug\link.read.1.tlog
d:\프로그래밍\sbs 컴퓨터 게임아카데미\160809\framework7\framework\debug\link.write.1.tlog
d:\프로그래밍\sbs 컴퓨터 게임아카데미\160809\framework7\framework\debug\mt.command.1.tlog
d:\프로그래밍\sbs 컴퓨터 게임아카데미\160809\framework7\framework\debug\mt.read.1.tlog
d:\프로그래밍\sbs 컴퓨터 게임아카데미\160809\framework7\framework\debug\mt.write.1.tlog
d:\프로그래밍\sbs 컴퓨터 게임아카데미\160809\framework7\framework\debug\framework.exe.intermediate.manifest
d:\프로그래밍\sbs 컴퓨터 게임아카데미\160809\framework7\framework\debug\vc100.idb
d:\프로그래밍\sbs 컴퓨터 게임아카데미\160809\framework7\framework\debug\vc100.pdb
d:\프로그래밍\sbs 컴퓨터 게임아카데미\160809\framework7\framework\debug\framework.tlog\cl.command.1.tlog
d:\프로그래밍\sbs 컴퓨터 게임아카데미\160809\framework7\framework\debug\framework.tlog\cl.read.1.tlog
d:\프로그래밍\sbs 컴퓨터 게임아카데미\160809\framework7\framework\debug\framework.tlog\cl.write.1.tlog
d:\프로그래밍\sbs 컴퓨터 게임아카데미\160809\framework7\framework\debug\framework.tlog\link-cvtres.read.1.tlog
d:\프로그래밍\sbs 컴퓨터 게임아카데미\160809\framework7\framework\debug\framework.tlog\link-cvtres.write.1.tlog
d:\프로그래밍\sbs 컴퓨터 게임아카데미\160809\framework7\framework\debug\framework.tlog\link-rc.read.1.tlog
d:\프로그래밍\sbs 컴퓨터 게임아카데미\160809\framework7\framework\debug\framework.tlog\link-rc.write.1.tlog
d:\프로그래밍\sbs 컴퓨터 게임아카데미\160809\framework7\framework\debug\framework.tlog\link.command.1.tlog
d:\프로그래밍\sbs 컴퓨터 게임아카데미\160809\framework7\framework\debug\framework.tlog\link.read.1.tlog
d:\프로그래밍\sbs 컴퓨터 게임아카데미\160809\framework7\framework\debug\framework.tlog\link.write.1.tlog
