d:\프로그래밍\sbs 컴퓨터 게임아카데미\포트폴리오\포트폴리오 v0.3 160824\doubleshot\x64\debug\vc140.pdb
d:\프로그래밍\sbs 컴퓨터 게임아카데미\포트폴리오\포트폴리오 v0.3 160824\doubleshot\x64\debug\vc140.idb
d:\프로그래밍\sbs 컴퓨터 게임아카데미\포트폴리오\포트폴리오 v0.3 160824\doubleshot\x64\debug\bullet4.obj
d:\프로그래밍\sbs 컴퓨터 게임아카데미\포트폴리오\포트폴리오 v0.3 160824\doubleshot\x64\debug\collisionmgr.obj
d:\프로그래밍\sbs 컴퓨터 게임아카데미\포트폴리오\포트폴리오 v0.3 160824\doubleshot\x64\debug\cursormgr.obj
d:\프로그래밍\sbs 컴퓨터 게임아카데미\포트폴리오\포트폴리오 v0.3 160824\doubleshot\x64\debug\doublebuffer.obj
d:\프로그래밍\sbs 컴퓨터 게임아카데미\포트폴리오\포트폴리오 v0.3 160824\doubleshot\x64\debug\enermy.obj
d:\프로그래밍\sbs 컴퓨터 게임아카데미\포트폴리오\포트폴리오 v0.3 160824\doubleshot\x64\debug\keymgr.obj
d:\프로그래밍\sbs 컴퓨터 게임아카데미\포트폴리오\포트폴리오 v0.3 160824\doubleshot\x64\debug\logo.obj
d:\프로그래밍\sbs 컴퓨터 게임아카데미\포트폴리오\포트폴리오 v0.3 160824\doubleshot\x64\debug\main.obj
d:\프로그래밍\sbs 컴퓨터 게임아카데미\포트폴리오\포트폴리오 v0.3 160824\doubleshot\x64\debug\maingame.obj
d:\프로그래밍\sbs 컴퓨터 게임아카데미\포트폴리오\포트폴리오 v0.3 160824\doubleshot\x64\debug\mapping.obj
d:\프로그래밍\sbs 컴퓨터 게임아카데미\포트폴리오\포트폴리오 v0.3 160824\doubleshot\x64\debug\obj.obj
d:\프로그래밍\sbs 컴퓨터 게임아카데미\포트폴리오\포트폴리오 v0.3 160824\doubleshot\x64\debug\objcreator.obj
d:\프로그래밍\sbs 컴퓨터 게임아카데미\포트폴리오\포트폴리오 v0.3 160824\doubleshot\x64\debug\scenemgr.obj
d:\프로그래밍\sbs 컴퓨터 게임아카데미\포트폴리오\포트폴리오 v0.3 160824\doubleshot\x64\debug\sceneobj.obj
d:\프로그래밍\sbs 컴퓨터 게임아카데미\포트폴리오\포트폴리오 v0.3 160824\doubleshot\x64\debug\scoreboard.obj
d:\프로그래밍\sbs 컴퓨터 게임아카데미\포트폴리오\포트폴리오 v0.3 160824\doubleshot\x64\debug\senermy.obj
d:\프로그래밍\sbs 컴퓨터 게임아카데미\포트폴리오\포트폴리오 v0.3 160824\doubleshot\x64\debug\solider.obj
d:\프로그래밍\sbs 컴퓨터 게임아카데미\포트폴리오\포트폴리오 v0.3 160824\doubleshot\x64\debug\stage.obj
d:\프로그래밍\sbs 컴퓨터 게임아카데미\포트폴리오\포트폴리오 v0.3 160824\doubleshot\x64\debug\wenermy.obj
d:\프로그래밍\sbs 컴퓨터 게임아카데미\포트폴리오\포트폴리오 v0.3 160824\doubleshot\x64\debug\yenermy.obj
d:\프로그래밍\sbs 컴퓨터 게임아카데미\포트폴리오\포트폴리오 v0.3 160824\doubleshot\x64\debug\bullet.obj
d:\프로그래밍\sbs 컴퓨터 게임아카데미\포트폴리오\포트폴리오 v0.3 160824\doubleshot\x64\debug\bullet2.obj
d:\프로그래밍\sbs 컴퓨터 게임아카데미\포트폴리오\포트폴리오 v0.3 160824\doubleshot\x64\debug\bullet3.obj
d:\프로그래밍\sbs 컴퓨터 게임아카데미\포트폴리오\포트폴리오 v0.3 160824\doubleshot\x64\debug\objmgr.obj
d:\프로그래밍\sbs 컴퓨터 게임아카데미\포트폴리오\포트폴리오 v0.3 160824\x64\debug\doubleshot.ilk
d:\프로그래밍\sbs 컴퓨터 게임아카데미\포트폴리오\포트폴리오 v0.3 160824\x64\debug\doubleshot.exe
d:\프로그래밍\sbs 컴퓨터 게임아카데미\포트폴리오\포트폴리오 v0.3 160824\x64\debug\doubleshot.pdb
c:\users\devstudent\desktop\프로그래밍\sbs게임아카데미\sbs 컴퓨터 게임아카데미 (2)\포트폴리오\포트폴리오 v0.3 160824\doubleshot\x64\debug\bullet.obj
c:\users\devstudent\desktop\프로그래밍\sbs게임아카데미\sbs 컴퓨터 게임아카데미 (2)\포트폴리오\포트폴리오 v0.3 160824\doubleshot\x64\debug\bullet2.obj
c:\users\devstudent\desktop\프로그래밍\sbs게임아카데미\sbs 컴퓨터 게임아카데미 (2)\포트폴리오\포트폴리오 v0.3 160824\doubleshot\x64\debug\bullet3.obj
c:\users\devstudent\desktop\프로그래밍\sbs게임아카데미\sbs 컴퓨터 게임아카데미 (2)\포트폴리오\포트폴리오 v0.3 160824\doubleshot\x64\debug\bullet4.obj
c:\users\devstudent\desktop\프로그래밍\sbs게임아카데미\sbs 컴퓨터 게임아카데미 (2)\포트폴리오\포트폴리오 v0.3 160824\doubleshot\x64\debug\collisionmgr.obj
c:\users\devstudent\desktop\프로그래밍\sbs게임아카데미\sbs 컴퓨터 게임아카데미 (2)\포트폴리오\포트폴리오 v0.3 160824\doubleshot\x64\debug\cursormgr.obj
c:\users\devstudent\desktop\프로그래밍\sbs게임아카데미\sbs 컴퓨터 게임아카데미 (2)\포트폴리오\포트폴리오 v0.3 160824\doubleshot\x64\debug\doublebuffer.obj
c:\users\devstudent\desktop\프로그래밍\sbs게임아카데미\sbs 컴퓨터 게임아카데미 (2)\포트폴리오\포트폴리오 v0.3 160824\doubleshot\x64\debug\enermy.obj
c:\users\devstudent\desktop\프로그래밍\sbs게임아카데미\sbs 컴퓨터 게임아카데미 (2)\포트폴리오\포트폴리오 v0.3 160824\doubleshot\x64\debug\keymgr.obj
c:\users\devstudent\desktop\프로그래밍\sbs게임아카데미\sbs 컴퓨터 게임아카데미 (2)\포트폴리오\포트폴리오 v0.3 160824\doubleshot\x64\debug\logo.obj
c:\users\devstudent\desktop\프로그래밍\sbs게임아카데미\sbs 컴퓨터 게임아카데미 (2)\포트폴리오\포트폴리오 v0.3 160824\doubleshot\x64\debug\main.obj
c:\users\devstudent\desktop\프로그래밍\sbs게임아카데미\sbs 컴퓨터 게임아카데미 (2)\포트폴리오\포트폴리오 v0.3 160824\doubleshot\x64\debug\maingame.obj
c:\users\devstudent\desktop\프로그래밍\sbs게임아카데미\sbs 컴퓨터 게임아카데미 (2)\포트폴리오\포트폴리오 v0.3 160824\doubleshot\x64\debug\mapping.obj
c:\users\devstudent\desktop\프로그래밍\sbs게임아카데미\sbs 컴퓨터 게임아카데미 (2)\포트폴리오\포트폴리오 v0.3 160824\doubleshot\x64\debug\obj.obj
c:\users\devstudent\desktop\프로그래밍\sbs게임아카데미\sbs 컴퓨터 게임아카데미 (2)\포트폴리오\포트폴리오 v0.3 160824\doubleshot\x64\debug\objcreator.obj
c:\users\devstudent\desktop\프로그래밍\sbs게임아카데미\sbs 컴퓨터 게임아카데미 (2)\포트폴리오\포트폴리오 v0.3 160824\doubleshot\x64\debug\objmgr.obj
c:\users\devstudent\desktop\프로그래밍\sbs게임아카데미\sbs 컴퓨터 게임아카데미 (2)\포트폴리오\포트폴리오 v0.3 160824\doubleshot\x64\debug\scenemgr.obj
c:\users\devstudent\desktop\프로그래밍\sbs게임아카데미\sbs 컴퓨터 게임아카데미 (2)\포트폴리오\포트폴리오 v0.3 160824\doubleshot\x64\debug\sceneobj.obj
c:\users\devstudent\desktop\프로그래밍\sbs게임아카데미\sbs 컴퓨터 게임아카데미 (2)\포트폴리오\포트폴리오 v0.3 160824\doubleshot\x64\debug\scoreboard.obj
c:\users\devstudent\desktop\프로그래밍\sbs게임아카데미\sbs 컴퓨터 게임아카데미 (2)\포트폴리오\포트폴리오 v0.3 160824\doubleshot\x64\debug\senermy.obj
c:\users\devstudent\desktop\프로그래밍\sbs게임아카데미\sbs 컴퓨터 게임아카데미 (2)\포트폴리오\포트폴리오 v0.3 160824\doubleshot\x64\debug\solider.obj
c:\users\devstudent\desktop\프로그래밍\sbs게임아카데미\sbs 컴퓨터 게임아카데미 (2)\포트폴리오\포트폴리오 v0.3 160824\doubleshot\x64\debug\stage.obj
c:\users\devstudent\desktop\프로그래밍\sbs게임아카데미\sbs 컴퓨터 게임아카데미 (2)\포트폴리오\포트폴리오 v0.3 160824\doubleshot\x64\debug\wenermy.obj
c:\users\devstudent\desktop\프로그래밍\sbs게임아카데미\sbs 컴퓨터 게임아카데미 (2)\포트폴리오\포트폴리오 v0.3 160824\doubleshot\x64\debug\yenermy.obj
c:\users\devstudent\desktop\프로그래밍\sbs게임아카데미\sbs 컴퓨터 게임아카데미 (2)\포트폴리오\포트폴리오 v0.3 160824\doubleshot\x64\debug\vc140.idb
c:\users\devstudent\desktop\프로그래밍\sbs게임아카데미\sbs 컴퓨터 게임아카데미 (2)\포트폴리오\포트폴리오 v0.3 160824\doubleshot\x64\debug\vc140.pdb
c:\users\devstudent\desktop\프로그래밍\sbs게임아카데미\sbs 컴퓨터 게임아카데미 (2)\포트폴리오\포트폴리오 v0.3 160824\x64\debug\doubleshot.pdb
c:\users\devstudent\desktop\프로그래밍\sbs게임아카데미\sbs 컴퓨터 게임아카데미 (2)\포트폴리오\포트폴리오 v0.3 160824\x64\debug\doubleshot.exe
c:\users\devstudent\desktop\프로그래밍\sbs게임아카데미\sbs 컴퓨터 게임아카데미 (2)\포트폴리오\포트폴리오 v0.3 160824\x64\debug\doubleshot.ilk
c:\users\devstudent\desktop\프로그래밍\sbs게임아카데미\sbs 컴퓨터 게임아카데미 (2)\포트폴리오\포트폴리오 v0.3 160824\doubleshot\x64\debug\doubleshot.tlog\cl.command.1.tlog
c:\users\devstudent\desktop\프로그래밍\sbs게임아카데미\sbs 컴퓨터 게임아카데미 (2)\포트폴리오\포트폴리오 v0.3 160824\doubleshot\x64\debug\doubleshot.tlog\cl.read.1.tlog
c:\users\devstudent\desktop\프로그래밍\sbs게임아카데미\sbs 컴퓨터 게임아카데미 (2)\포트폴리오\포트폴리오 v0.3 160824\doubleshot\x64\debug\doubleshot.tlog\cl.write.1.tlog
c:\users\devstudent\desktop\프로그래밍\sbs게임아카데미\sbs 컴퓨터 게임아카데미 (2)\포트폴리오\포트폴리오 v0.3 160824\doubleshot\x64\debug\doubleshot.tlog\link.command.1.tlog
c:\users\devstudent\desktop\프로그래밍\sbs게임아카데미\sbs 컴퓨터 게임아카데미 (2)\포트폴리오\포트폴리오 v0.3 160824\doubleshot\x64\debug\doubleshot.tlog\link.read.1.tlog
c:\users\devstudent\desktop\프로그래밍\sbs게임아카데미\sbs 컴퓨터 게임아카데미 (2)\포트폴리오\포트폴리오 v0.3 160824\doubleshot\x64\debug\doubleshot.tlog\link.write.1.tlog
